

Microchip MPLAB XC8 Assembler V2.20 build 20200408173844 
                                                                                               Tue May 25 15:27:03 2021

Microchip MPLAB XC8 C Compiler v2.20 (Free license) build 20200408173844 Og1 
     1                           	processor	16F877A
     2                           	pagewidth 120
     3                           	opt	flic
     4                           	psect	cinit,global,class=CODE,merge=1,delta=2
     5                           	psect	cstackCOMMON,global,class=COMMON,space=1,delta=1,noexec
     6                           	psect	maintext,global,class=CODE,split=1,delta=2
     7                           	psect	text1,local,class=CODE,merge=1,delta=2
     8                           	psect	text2,local,class=CODE,merge=1,delta=2
     9                           	psect	text3,local,class=CODE,merge=1,delta=2
    10                           	psect	config,global,abs,ovrld,class=CONFIG,space=4,delta=2,noexec
    11                           	dabs	1,0x7E,2
    12  0000                     
    13                           ; Version 2.20
    14                           ; Generated 12/02/2020 GMT
    15                           ; 
    16                           ; Copyright © 2020, Microchip Technology Inc. and its subsidiaries ("Microchip")
    17                           ; All rights reserved.
    18                           ; 
    19                           ; This software is developed by Microchip Technology Inc. and its subsidiaries ("Microch
      +                          ip").
    20                           ; 
    21                           ; Redistribution and use in source and binary forms, with or without modification, are
    22                           ; permitted provided that the following conditions are met:
    23                           ; 
    24                           ;     1. Redistributions of source code must retain the above copyright notice, this lis
      +                          t of
    25                           ;        conditions and the following disclaimer.
    26                           ; 
    27                           ;     2. Redistributions in binary form must reproduce the above copyright notice, this 
      +                          list
    28                           ;        of conditions and the following disclaimer in the documentation and/or other
    29                           ;        materials provided with the distribution.
    30                           ; 
    31                           ;     3. Microchip's name may not be used to endorse or promote products derived from th
      +                          is
    32                           ;        software without specific prior written permission.
    33                           ; 
    34                           ; THIS SOFTWARE IS PROVIDED BY MICROCHIP "AS IS" AND ANY EXPRESS OR IMPLIED WARRANTIES,
    35                           ; INCLUDING, BUT NOT LIMITED TO, THE IMPLIED WARRANTIES OF MERCHANTABILITY AND FITNESS F
      +                          OR
    36                           ; PURPOSE ARE DISCLAIMED.  IN NO EVENT SHALL MICROCHIP BE LIABLE FOR ANY DIRECT, INDIREC
      +                          T,
    37                           ; INCIDENTAL, SPECIAL, EXEMPLARY, OR CONSEQUENTIAL DAMAGES (INCLUDING BUT NOT LIMITED TO
    38                           ; PROCUREMENT OF SUBSTITUTE GOODS OR SERVICES; LOSS OF USE, DATA OR PROFITS; OR BUSINESS
    39                           ; INTERRUPTION) HOWSOEVER CAUSED AND ON ANY THEORY OF LIABILITY, WHETHER IN CONTRACT, ST
      +                          RICT
    40                           ; LIABILITY, OR TORT (INCLUDING NEGLIGENCE OR OTHERWISE) ARISING IN ANY WAY OUT OF THE U
      +                          SE OF
    41                           ; THIS SOFTWARE, EVEN IF ADVISED OF THE POSSIBILITY OF SUCH DAMAGE.
    42                           ; 
    43                           ; 
    44                           ; Code-generator required, PIC16F877A Definitions
    45                           ; 
    46                           ; SFR Addresses
    47  0000                     	;# 
    48  0001                     	;# 
    49  0002                     	;# 
    50  0003                     	;# 
    51  0004                     	;# 
    52  0005                     	;# 
    53  0006                     	;# 
    54  0007                     	;# 
    55  0008                     	;# 
    56  0009                     	;# 
    57  000A                     	;# 
    58  000B                     	;# 
    59  000C                     	;# 
    60  000D                     	;# 
    61  000E                     	;# 
    62  000E                     	;# 
    63  000F                     	;# 
    64  0010                     	;# 
    65  0011                     	;# 
    66  0012                     	;# 
    67  0013                     	;# 
    68  0014                     	;# 
    69  0015                     	;# 
    70  0015                     	;# 
    71  0016                     	;# 
    72  0017                     	;# 
    73  0018                     	;# 
    74  0019                     	;# 
    75  001A                     	;# 
    76  001B                     	;# 
    77  001B                     	;# 
    78  001C                     	;# 
    79  001D                     	;# 
    80  001E                     	;# 
    81  001F                     	;# 
    82  0081                     	;# 
    83  0085                     	;# 
    84  0086                     	;# 
    85  0087                     	;# 
    86  0088                     	;# 
    87  0089                     	;# 
    88  008C                     	;# 
    89  008D                     	;# 
    90  008E                     	;# 
    91  0091                     	;# 
    92  0092                     	;# 
    93  0093                     	;# 
    94  0094                     	;# 
    95  0098                     	;# 
    96  0099                     	;# 
    97  009C                     	;# 
    98  009D                     	;# 
    99  009E                     	;# 
   100  009F                     	;# 
   101  010C                     	;# 
   102  010D                     	;# 
   103  010E                     	;# 
   104  010F                     	;# 
   105  018C                     	;# 
   106  018D                     	;# 
   107  0000                     	;# 
   108  0001                     	;# 
   109  0002                     	;# 
   110  0003                     	;# 
   111  0004                     	;# 
   112  0005                     	;# 
   113  0006                     	;# 
   114  0007                     	;# 
   115  0008                     	;# 
   116  0009                     	;# 
   117  000A                     	;# 
   118  000B                     	;# 
   119  000C                     	;# 
   120  000D                     	;# 
   121  000E                     	;# 
   122  000E                     	;# 
   123  000F                     	;# 
   124  0010                     	;# 
   125  0011                     	;# 
   126  0012                     	;# 
   127  0013                     	;# 
   128  0014                     	;# 
   129  0015                     	;# 
   130  0015                     	;# 
   131  0016                     	;# 
   132  0017                     	;# 
   133  0018                     	;# 
   134  0019                     	;# 
   135  001A                     	;# 
   136  001B                     	;# 
   137  001B                     	;# 
   138  001C                     	;# 
   139  001D                     	;# 
   140  001E                     	;# 
   141  001F                     	;# 
   142  0081                     	;# 
   143  0085                     	;# 
   144  0086                     	;# 
   145  0087                     	;# 
   146  0088                     	;# 
   147  0089                     	;# 
   148  008C                     	;# 
   149  008D                     	;# 
   150  008E                     	;# 
   151  0091                     	;# 
   152  0092                     	;# 
   153  0093                     	;# 
   154  0094                     	;# 
   155  0098                     	;# 
   156  0099                     	;# 
   157  009C                     	;# 
   158  009D                     	;# 
   159  009E                     	;# 
   160  009F                     	;# 
   161  010C                     	;# 
   162  010D                     	;# 
   163  010E                     	;# 
   164  010F                     	;# 
   165  018C                     	;# 
   166  018D                     	;# 
   167  0005                     _PORTA	set	5
   168  0007                     _PORTC	set	7
   169  0008                     _PORTD	set	8
   170  0006                     _PORTB	set	6
   171  003D                     _RC5	set	61
   172  0038                     _RC0	set	56
   173  0042                     _RD2	set	66
   174  0043                     _RD3	set	67
   175  0041                     _RD1	set	65
   176  0044                     _RD4	set	68
   177  003C                     _RC4	set	60
   178  0039                     _RC1	set	57
   179  0040                     _RD0	set	64
   180  0045                     _RD5	set	69
   181  003B                     _RC3	set	59
   182  003A                     _RC2	set	58
   183  0085                     _TRISA	set	133
   184  0087                     _TRISC	set	135
   185  0088                     _TRISD	set	136
   186  0086                     _TRISB	set	134
   187                           
   188                           	psect	cinit
   189  07FC                     start_initialization:	
   190                           ; #config settings
   191                           
   192  07FC                     __initialization:
   193  07FC                     end_of_initialization:	
   194                           ;End of C runtime variable initialization code
   195                           
   196  07FC                     __end_of__initialization:
   197  07FC  0183               	clrf	3
   198  07FD  120A  118A  2FCA   	ljmp	_main	;jump to C main() function
   199                           
   200                           	psect	cstackCOMMON
   201  0070                     __pcstackCOMMON:
   202  0070                     ?_state_A:
   203  0070                     ??_state_A:	
   204                           ; 1 bytes @ 0x0
   205                           
   206  0070                     ?_state_B:	
   207                           ; 1 bytes @ 0x0
   208                           
   209  0070                     ??_state_B:	
   210                           ; 1 bytes @ 0x0
   211                           
   212  0070                     ?_state_C:	
   213                           ; 1 bytes @ 0x0
   214                           
   215  0070                     ??_state_C:	
   216                           ; 1 bytes @ 0x0
   217                           
   218  0070                     ?_main:	
   219                           ; 1 bytes @ 0x0
   220                           
   221                           
   222                           ; 1 bytes @ 0x0
   223  0070                     	ds	3
   224  0073                     ??_main:
   225                           
   226                           	psect	maintext
   227  07CA                     __pmaintext:	
   228                           ; 1 bytes @ 0x3
   229 ;;
   230 ;;Main: autosize = 0, tempsize = 0, incstack = 0, save=0
   231 ;;
   232 ;; *************** function _main *****************
   233 ;; Defined at:
   234 ;;		line 6 in file "main.c"
   235 ;; Parameters:    Size  Location     Type
   236 ;;		None
   237 ;; Auto vars:     Size  Location     Type
   238 ;;		None
   239 ;; Return value:  Size  Location     Type
   240 ;;                  1    wreg      void 
   241 ;; Registers used:
   242 ;;		wreg, status,2, status,0, pclath, cstack
   243 ;; Tracked objects:
   244 ;;		On entry : B00/0
   245 ;;		On exit  : 0/0
   246 ;;		Unchanged: 0/0
   247 ;; Data sizes:     COMMON   BANK0   BANK1   BANK3   BANK2
   248 ;;      Params:         0       0       0       0       0
   249 ;;      Locals:         0       0       0       0       0
   250 ;;      Temps:          0       0       0       0       0
   251 ;;      Totals:         0       0       0       0       0
   252 ;;Total ram usage:        0 bytes
   253 ;; Hardware stack levels required when called:    1
   254 ;; This function calls:
   255 ;;		_state_A
   256 ;;		_state_B
   257 ;;		_state_C
   258 ;; This function is called by:
   259 ;;		Startup code after reset
   260 ;; This function uses a non-reentrant model
   261 ;;
   262                           
   263                           
   264                           ;psect for function _main
   265  07CA                     _main:
   266  07CA                     l687:	
   267                           ;incstack = 0
   268                           ; Regs used in _main: [wreg+status,2+status,0+pclath+cstack]
   269                           
   270                           
   271                           ;main.c: 7:     TRISB = 0x00;
   272  07CA  1683               	bsf	3,5	;RP0=1, select bank1
   273  07CB  1303               	bcf	3,6	;RP1=0, select bank1
   274  07CC  0186               	clrf	6	;volatile
   275                           
   276                           ;main.c: 8:     PORTB = 0x00;
   277  07CD  1283               	bcf	3,5	;RP0=0, select bank0
   278  07CE  1303               	bcf	3,6	;RP1=0, select bank0
   279  07CF  0186               	clrf	6	;volatile
   280                           
   281                           ;main.c: 9:     TRISD = 0x00;
   282  07D0  1683               	bsf	3,5	;RP0=1, select bank1
   283  07D1  1303               	bcf	3,6	;RP1=0, select bank1
   284  07D2  0188               	clrf	8	;volatile
   285                           
   286                           ;main.c: 10:     PORTD = 0x00;
   287  07D3  1283               	bcf	3,5	;RP0=0, select bank0
   288  07D4  1303               	bcf	3,6	;RP1=0, select bank0
   289  07D5  0188               	clrf	8	;volatile
   290                           
   291                           ;main.c: 11:     TRISC = 0x00;
   292  07D6  1683               	bsf	3,5	;RP0=1, select bank1
   293  07D7  1303               	bcf	3,6	;RP1=0, select bank1
   294  07D8  0187               	clrf	7	;volatile
   295                           
   296                           ;main.c: 12:     PORTC = 0x00;
   297  07D9  1283               	bcf	3,5	;RP0=0, select bank0
   298  07DA  1303               	bcf	3,6	;RP1=0, select bank0
   299  07DB  0187               	clrf	7	;volatile
   300  07DC                     l689:
   301                           
   302                           ;main.c: 13:     TRISA = 0xFF;
   303  07DC  30FF               	movlw	255
   304  07DD  1683               	bsf	3,5	;RP0=1, select bank1
   305  07DE  1303               	bcf	3,6	;RP1=0, select bank1
   306  07DF  0085               	movwf	5	;volatile
   307  07E0                     l691:
   308                           
   309                           ;main.c: 14:     PORTA = 0xFF;
   310  07E0  30FF               	movlw	255
   311  07E1  1283               	bcf	3,5	;RP0=0, select bank0
   312  07E2  1303               	bcf	3,6	;RP1=0, select bank0
   313  07E3  0085               	movwf	5	;volatile
   314  07E4                     l693:
   315                           
   316                           ;main.c: 17:     {;main.c: 18:         state_A();
   317  07E4  120A  118A  277C  120A  118A  	fcall	_state_A
   318  07E9                     l695:
   319                           
   320                           ;main.c: 19:         state_B();
   321  07E9  120A  118A  2796  120A  118A  	fcall	_state_B
   322  07EE                     l697:
   323                           
   324                           ;main.c: 20:         state_C();
   325  07EE  120A  118A  27B0  120A  118A  	fcall	_state_C
   326  07F3                     l699:
   327                           
   328                           ;main.c: 21:         state_B();
   329  07F3  120A  118A  2796  120A  118A  	fcall	_state_B
   330  07F8  2FE4               	goto	l693
   331  07F9  120A  118A  2800   	ljmp	start
   332  07FC                     __end_of_main:
   333                           
   334                           	psect	text1
   335  07B0                     __ptext1:	
   336 ;; *************** function _state_C *****************
   337 ;; Defined at:
   338 ;;		line 38 in file "./io_handler.h"
   339 ;; Parameters:    Size  Location     Type
   340 ;;		None
   341 ;; Auto vars:     Size  Location     Type
   342 ;;		None
   343 ;; Return value:  Size  Location     Type
   344 ;;                  1    wreg      void 
   345 ;; Registers used:
   346 ;;		wreg
   347 ;; Tracked objects:
   348 ;;		On entry : 0/0
   349 ;;		On exit  : 0/0
   350 ;;		Unchanged: 0/0
   351 ;; Data sizes:     COMMON   BANK0   BANK1   BANK3   BANK2
   352 ;;      Params:         0       0       0       0       0
   353 ;;      Locals:         0       0       0       0       0
   354 ;;      Temps:          3       0       0       0       0
   355 ;;      Totals:         3       0       0       0       0
   356 ;;Total ram usage:        3 bytes
   357 ;; Hardware stack levels used:    1
   358 ;; This function calls:
   359 ;;		Nothing
   360 ;; This function is called by:
   361 ;;		_main
   362 ;; This function uses a non-reentrant model
   363 ;;
   364                           
   365                           
   366                           ;psect for function _state_C
   367  07B0                     _state_C:
   368  07B0                     l675:	
   369                           ;incstack = 0
   370                           ; Regs used in _state_C: [wreg]
   371                           
   372                           
   373                           ;./io_handler.h: 41:     RD3 = 1;
   374  07B0  1283               	bcf	3,5	;RP0=0, select bank0
   375  07B1  1303               	bcf	3,6	;RP1=0, select bank0
   376  07B2  1588               	bsf	8,3	;volatile
   377                           
   378                           ;./io_handler.h: 42:     RD2 = 1;
   379  07B3  1508               	bsf	8,2	;volatile
   380                           
   381                           ;./io_handler.h: 43:     RC0 = 1;
   382  07B4  1407               	bsf	7,0	;volatile
   383                           
   384                           ;./io_handler.h: 44:     RC5 = 1;
   385  07B5  1687               	bsf	7,5	;volatile
   386  07B6                     l677:
   387                           
   388                           ;./io_handler.h: 47:     _delay((unsigned long)((500)*(20000000/4000.0)));
   389  07B6  300D               	movlw	13
   390  07B7  00F2               	movwf	??_state_C+2
   391  07B8  30AF               	movlw	175
   392  07B9  00F1               	movwf	??_state_C+1
   393  07BA  30B6               	movlw	182
   394  07BB  00F0               	movwf	??_state_C
   395  07BC                     u17:
   396  07BC  0BF0               	decfsz	??_state_C,f
   397  07BD  2FBC               	goto	u17
   398  07BE  0BF1               	decfsz	??_state_C+1,f
   399  07BF  2FBC               	goto	u17
   400  07C0  0BF2               	decfsz	??_state_C+2,f
   401  07C1  2FBC               	goto	u17
   402  07C2  0000               	nop
   403  07C3                     l679:
   404                           
   405                           ;./io_handler.h: 50:     RD3 = 0;
   406  07C3  1283               	bcf	3,5	;RP0=0, select bank0
   407  07C4  1303               	bcf	3,6	;RP1=0, select bank0
   408  07C5  1188               	bcf	8,3	;volatile
   409  07C6                     l681:
   410                           
   411                           ;./io_handler.h: 51:     RD2 = 0;
   412  07C6  1108               	bcf	8,2	;volatile
   413  07C7                     l683:
   414                           
   415                           ;./io_handler.h: 52:     RC0 = 0;
   416  07C7  1007               	bcf	7,0	;volatile
   417  07C8                     l685:
   418                           
   419                           ;./io_handler.h: 53:     RC5 = 0;
   420  07C8  1287               	bcf	7,5	;volatile
   421  07C9                     l51:
   422  07C9  0008               	return
   423  07CA                     __end_of_state_C:
   424                           
   425                           	psect	text2
   426  0796                     __ptext2:	
   427 ;; *************** function _state_B *****************
   428 ;; Defined at:
   429 ;;		line 20 in file "./io_handler.h"
   430 ;; Parameters:    Size  Location     Type
   431 ;;		None
   432 ;; Auto vars:     Size  Location     Type
   433 ;;		None
   434 ;; Return value:  Size  Location     Type
   435 ;;                  1    wreg      void 
   436 ;; Registers used:
   437 ;;		wreg
   438 ;; Tracked objects:
   439 ;;		On entry : 0/0
   440 ;;		On exit  : 0/0
   441 ;;		Unchanged: 0/0
   442 ;; Data sizes:     COMMON   BANK0   BANK1   BANK3   BANK2
   443 ;;      Params:         0       0       0       0       0
   444 ;;      Locals:         0       0       0       0       0
   445 ;;      Temps:          3       0       0       0       0
   446 ;;      Totals:         3       0       0       0       0
   447 ;;Total ram usage:        3 bytes
   448 ;; Hardware stack levels used:    1
   449 ;; This function calls:
   450 ;;		Nothing
   451 ;; This function is called by:
   452 ;;		_main
   453 ;; This function uses a non-reentrant model
   454 ;;
   455                           
   456                           
   457                           ;psect for function _state_B
   458  0796                     _state_B:
   459  0796                     l663:	
   460                           ;incstack = 0
   461                           ; Regs used in _state_B: [wreg]
   462                           
   463                           
   464                           ;./io_handler.h: 23:     RC1 = 1;
   465  0796  1283               	bcf	3,5	;RP0=0, select bank0
   466  0797  1303               	bcf	3,6	;RP1=0, select bank0
   467  0798  1487               	bsf	7,1	;volatile
   468                           
   469                           ;./io_handler.h: 24:     RC4 = 1;
   470  0799  1607               	bsf	7,4	;volatile
   471                           
   472                           ;./io_handler.h: 25:     RD4 = 1;
   473  079A  1608               	bsf	8,4	;volatile
   474                           
   475                           ;./io_handler.h: 26:     RD1 = 1;
   476  079B  1488               	bsf	8,1	;volatile
   477  079C                     l665:
   478                           
   479                           ;./io_handler.h: 29:     _delay((unsigned long)((50)*(20000000/4000.0)));
   480  079C  3002               	movlw	2
   481  079D  00F2               	movwf	??_state_B+2
   482  079E  3045               	movlw	69
   483  079F  00F1               	movwf	??_state_B+1
   484  07A0  30A9               	movlw	169
   485  07A1  00F0               	movwf	??_state_B
   486  07A2                     u27:
   487  07A2  0BF0               	decfsz	??_state_B,f
   488  07A3  2FA2               	goto	u27
   489  07A4  0BF1               	decfsz	??_state_B+1,f
   490  07A5  2FA2               	goto	u27
   491  07A6  0BF2               	decfsz	??_state_B+2,f
   492  07A7  2FA2               	goto	u27
   493  07A8  2FA9               	nop2
   494  07A9                     l667:
   495                           
   496                           ;./io_handler.h: 32:     RC1 = 0;
   497  07A9  1283               	bcf	3,5	;RP0=0, select bank0
   498  07AA  1303               	bcf	3,6	;RP1=0, select bank0
   499  07AB  1087               	bcf	7,1	;volatile
   500  07AC                     l669:
   501                           
   502                           ;./io_handler.h: 33:     RC4 = 0;
   503  07AC  1207               	bcf	7,4	;volatile
   504  07AD                     l671:
   505                           
   506                           ;./io_handler.h: 34:     RD4 = 0;
   507  07AD  1208               	bcf	8,4	;volatile
   508  07AE                     l673:
   509                           
   510                           ;./io_handler.h: 35:     RD1 = 0;
   511  07AE  1088               	bcf	8,1	;volatile
   512  07AF                     l48:
   513  07AF  0008               	return
   514  07B0                     __end_of_state_B:
   515                           
   516                           	psect	text3
   517  077C                     __ptext3:	
   518 ;; *************** function _state_A *****************
   519 ;; Defined at:
   520 ;;		line 2 in file "./io_handler.h"
   521 ;; Parameters:    Size  Location     Type
   522 ;;		None
   523 ;; Auto vars:     Size  Location     Type
   524 ;;		None
   525 ;; Return value:  Size  Location     Type
   526 ;;                  1    wreg      void 
   527 ;; Registers used:
   528 ;;		wreg
   529 ;; Tracked objects:
   530 ;;		On entry : 0/0
   531 ;;		On exit  : 0/0
   532 ;;		Unchanged: 0/0
   533 ;; Data sizes:     COMMON   BANK0   BANK1   BANK3   BANK2
   534 ;;      Params:         0       0       0       0       0
   535 ;;      Locals:         0       0       0       0       0
   536 ;;      Temps:          3       0       0       0       0
   537 ;;      Totals:         3       0       0       0       0
   538 ;;Total ram usage:        3 bytes
   539 ;; Hardware stack levels used:    1
   540 ;; This function calls:
   541 ;;		Nothing
   542 ;; This function is called by:
   543 ;;		_main
   544 ;; This function uses a non-reentrant model
   545 ;;
   546                           
   547                           
   548                           ;psect for function _state_A
   549  077C                     _state_A:
   550  077C                     l651:	
   551                           ;incstack = 0
   552                           ; Regs used in _state_A: [wreg]
   553                           
   554                           
   555                           ;./io_handler.h: 5:     RC2 = 1;
   556  077C  1283               	bcf	3,5	;RP0=0, select bank0
   557  077D  1303               	bcf	3,6	;RP1=0, select bank0
   558  077E  1507               	bsf	7,2	;volatile
   559                           
   560                           ;./io_handler.h: 6:     RC3 = 1;
   561  077F  1587               	bsf	7,3	;volatile
   562                           
   563                           ;./io_handler.h: 7:     RD5 = 1;
   564  0780  1688               	bsf	8,5	;volatile
   565                           
   566                           ;./io_handler.h: 8:     RD0 = 1;
   567  0781  1408               	bsf	8,0	;volatile
   568  0782                     l653:
   569                           
   570                           ;./io_handler.h: 11:     _delay((unsigned long)((500)*(20000000/4000.0)));
   571  0782  300D               	movlw	13
   572  0783  00F2               	movwf	??_state_A+2
   573  0784  30AF               	movlw	175
   574  0785  00F1               	movwf	??_state_A+1
   575  0786  30B6               	movlw	182
   576  0787  00F0               	movwf	??_state_A
   577  0788                     u37:
   578  0788  0BF0               	decfsz	??_state_A,f
   579  0789  2F88               	goto	u37
   580  078A  0BF1               	decfsz	??_state_A+1,f
   581  078B  2F88               	goto	u37
   582  078C  0BF2               	decfsz	??_state_A+2,f
   583  078D  2F88               	goto	u37
   584  078E  0000               	nop
   585  078F                     l655:
   586                           
   587                           ;./io_handler.h: 14:     RC2 = 0;
   588  078F  1283               	bcf	3,5	;RP0=0, select bank0
   589  0790  1303               	bcf	3,6	;RP1=0, select bank0
   590  0791  1107               	bcf	7,2	;volatile
   591  0792                     l657:
   592                           
   593                           ;./io_handler.h: 15:     RC3 = 0;
   594  0792  1187               	bcf	7,3	;volatile
   595  0793                     l659:
   596                           
   597                           ;./io_handler.h: 16:     RD5 = 0;
   598  0793  1288               	bcf	8,5	;volatile
   599  0794                     l661:
   600                           
   601                           ;./io_handler.h: 17:     RD0 = 0;
   602  0794  1008               	bcf	8,0	;volatile
   603  0795                     l45:
   604  0795  0008               	return
   605  0796                     __end_of_state_A:
   606  007E                     btemp	set	126	;btemp
   607  007E                     wtemp0	set	126
   608                           
   609                           	psect	config
   610                           
   611                           ;Config register CONFIG @ 0x2007
   612                           ;	Oscillator Selection bits
   613                           ;	FOSC = HS, HS oscillator
   614                           ;	Watchdog Timer Enable bit
   615                           ;	WDTE = OFF, WDT disabled
   616                           ;	Power-up Timer Enable bit
   617                           ;	PWRTE = OFF, PWRT disabled
   618                           ;	Brown-out Reset Enable bit
   619                           ;	BOREN = ON, BOR enabled
   620                           ;	Low-Voltage (Single-Supply) In-Circuit Serial Programming Enable bit
   621                           ;	LVP = ON, RB3/PGM pin has PGM function; low-voltage programming enabled
   622                           ;	Data EEPROM Memory Code Protection bit
   623                           ;	CPD = OFF, Data EEPROM code protection off
   624                           ;	Flash Program Memory Write Enable bits
   625                           ;	WRT = OFF, Write protection off; all program memory may be written to by EECON control
   626                           ;	In-Circuit Debugger Mode bit
   627                           ;	DEBUG = 0x1, unprogrammed default
   628                           ;	Flash Program Memory Code Protection bit
   629                           ;	CP = OFF, Code protection off
   630  2007                     	org	8199
   631  2007  3FFA               	dw	16378

Data Sizes:
    Strings     0
    Constant    0
    Data        0
    BSS         0
    Persistent  0
    Stack       0

Auto Spaces:
    Space          Size  Autos    Used
    COMMON           14      3       3
    BANK0            80      0       0
    BANK1            80      0       0
    BANK3            96      0       0
    BANK2            96      0       0

Pointer List with Targets:

    None.

Critical Paths under _main in COMMON

    _main->_state_A
    _main->_state_B
    _main->_state_C

Critical Paths under _main in BANK0

    None.

Critical Paths under _main in BANK1

    None.

Critical Paths under _main in BANK3

    None.

Critical Paths under _main in BANK2

    None.

Call Graph Tables:

 ---------------------------------------------------------------------------------
 (Depth) Function   	        Calls       Base Space   Used Autos Params    Refs
 ---------------------------------------------------------------------------------
 (0) _main                                                 0     0      0       0
                            _state_A
                            _state_B
                            _state_C
 ---------------------------------------------------------------------------------
 (1) _state_C                                              3     3      0       0
                                              0 COMMON     3     3      0
 ---------------------------------------------------------------------------------
 (1) _state_B                                              3     3      0       0
                                              0 COMMON     3     3      0
 ---------------------------------------------------------------------------------
 (1) _state_A                                              3     3      0       0
                                              0 COMMON     3     3      0
 ---------------------------------------------------------------------------------
 Estimated maximum stack depth 1
 ---------------------------------------------------------------------------------

 Call Graph Graphs:

 _main (ROOT)
   _state_A
   _state_B
   _state_C

 Address spaces:
Name               Size   Autos  Total    Cost      Usage
BITCOMMON            E      0       0       0        0.0%
EEDATA             100      0       0       0        0.0%
NULL                 0      0       0       0        0.0%
CODE                 0      0       0       0        0.0%
COMMON               E      3       3       1       21.4%
BITSFR0              0      0       0       1        0.0%
SFR0                 0      0       0       1        0.0%
BITSFR1              0      0       0       2        0.0%
SFR1                 0      0       0       2        0.0%
STACK                0      0       0       2        0.0%
ABS                  0      0       0       3        0.0%
BITBANK0            50      0       0       4        0.0%
BITSFR3              0      0       0       4        0.0%
SFR3                 0      0       0       4        0.0%
BANK0               50      0       0       5        0.0%
BITSFR2              0      0       0       5        0.0%
SFR2                 0      0       0       5        0.0%
BITBANK1            50      0       0       6        0.0%
BANK1               50      0       0       7        0.0%
BITBANK3            60      0       0       8        0.0%
BANK3               60      0       0       9        0.0%
BITBANK2            60      0       0      10        0.0%
BANK2               60      0       0      11        0.0%
DATA                 0      0       0      12        0.0%


Microchip Technology PIC Macro Assembler V2.20 build 20200408173844 
Symbol Table                                                                                   Tue May 25 15:27:03 2021

                     l51 07C9                       l45 0795                       l48 07AF  
                     u17 07BC                       u27 07A2                       u37 0788  
                    l651 077C                      l661 0794                      l653 0782  
                    l655 078F                      l671 07AD                      l663 0796  
                    l657 0792                      l673 07AE                      l665 079C  
                    l681 07C6                      l659 0793                      l667 07A9  
                    l683 07C7                      l675 07B0                      l691 07E0  
                    l669 07AC                      l685 07C8                      l677 07B6  
                    l693 07E4                      l679 07C3                      l695 07E9  
                    l687 07CA                      l697 07EE                      l689 07DC  
                    l699 07F3                      _RC0 0038                      _RC1 0039  
                    _RC2 003A                      _RD0 0040                      _RC3 003B  
                    _RD1 0041                      _RC4 003C                      _RD2 0042  
                    _RD3 0043                      _RC5 003D                      _RD4 0044  
                    _RD5 0045                     _main 07CA                     btemp 007E  
                   start 0000                    ?_main 0070                    _PORTA 0005  
                  _PORTB 0006                    _PORTC 0007                    _PORTD 0008  
                  _TRISA 0085                    _TRISB 0086                    _TRISC 0087  
                  _TRISD 0088          __end_of_state_A 0796          __end_of_state_B 07B0  
        __end_of_state_C 07CA                    status 0003                    wtemp0 007E  
        __initialization 07FC             __end_of_main 07FC                   ??_main 0073  
              ??_state_A 0070                ??_state_B 0070                ??_state_C 0070  
__end_of__initialization 07FC           __pcstackCOMMON 0070               __pmaintext 07CA  
                __ptext1 07B0                  __ptext2 0796                  __ptext3 077C  
                _state_A 077C                  _state_B 0796                  _state_C 07B0  
   end_of_initialization 07FC      start_initialization 07FC                ___latbits 0002  
               ?_state_A 0070                 ?_state_B 0070                 ?_state_C 0070  
       __size_of_state_A 001A         __size_of_state_B 001A         __size_of_state_C 001A  
          __size_of_main 0032  
